<?xml version="1.0" encoding="UTF-8"?>
<!-- Generated by org.testng.reporters.JUnitXMLReporter -->
<testsuite ignored="0" hostname="DESKTOP-JA0HHIQ" failures="0" tests="4" name="Login Page Test" time="33.509" errors="0" timestamp="2024-07-22T18:26:42 IST">
  <testcase classname="com.qa.opencart.tests.LoginPageTest" name="loginPageTitleTest" time="1.684"/>
  <testcase classname="com.qa.opencart.tests.LoginPageTest" name="loginPageURLTest" time="5.247"/>
  <testcase classname="com.qa.opencart.tests.LoginPageTest" name="forgotPwdLinkExistTest" time="0.273"/>
  <testcase classname="com.qa.opencart.tests.LoginPageTest" name="loginTest" time="2.908"/>
</testsuite> <!-- Login Page Test -->
